<?xml version="1.0" encoding="UTF-8"?>
<testsuite name="UserRegistrationTest" tests="1" skipped="0" failures="0" errors="0" timestamp="2021-08-08T09:18:49" hostname="LAPTOP-QHGU1R2U" time="0.007">
  <properties/>
  <testcase name="givenLastName_CustomExceptions" classname="UserRegistrationTest" time="0.007"/>
  <system-out><![CDATA[Please Enter Last Name
]]></system-out>
  <system-err><![CDATA[]]></system-err>
</testsuite>
